-------------------------------------------------------------------------------
Test set: com.example.demo.ApplicationToPublishScientificDataApplicationTests
-------------------------------------------------------------------------------
Tests run: 1, Failures: 0, Errors: 1, Skipped: 0, Time elapsed: 0.019 s <<< FAILURE! -- in com.example.demo.ApplicationToPublishScientificDataApplicationTests
com.example.demo.ApplicationToPublishScientificDataApplicationTests.testHomePage -- Time elapsed: 0.009 s <<< ERROR!
java.lang.NullPointerException: Cannot invoke "org.springframework.boot.test.web.client.TestRestTemplate.getForEntity(String, java.lang.Class, Object[])" because "this.restTemplate" is null
	at com.example.demo.ApplicationToPublishScientificDataApplicationTests.testHomePage(ApplicationToPublishScientificDataApplicationTests.java:21)
	at java.base/java.lang.reflect.Method.invoke(Method.java:580)

