<?xml version="1.0" encoding="UTF-8"?>
<testsuite xmlns:xsi="http://www.w3.org/2001/XMLSchema-instance" xsi:noNamespaceSchemaLocation="https://maven.apache.org/surefire/maven-surefire-plugin/xsd/surefire-test-report.xsd" version="3.0.2" name="com.example.demo.integration.LessonControllerIntegrationTest" time="0.144" tests="5" errors="0" skipped="0" failures="0">
  <properties>
[...]
</properties>
  <testcase name="approvedUserSeesLessonDetailWithoutRating" classname="com.example.demo.integration.LessonControllerIntegrationTest" time="0.053">
    <system-out><![CDATA[2025-04-23T17:47:45.582+02:00  INFO 7688 --- [           main] t.c.s.AnnotationConfigContextLoaderUtils : Could not detect default configuration classes for test class [com.example.demo.integration.LessonControllerIntegrationTest]: LessonControllerIntegrationTest does not declare any static, non-private, non-final, nested classes annotated with @Configuration.
2025-04-23T17:47:45.584+02:00  INFO 7688 --- [           main] .b.t.c.SpringBootTestContextBootstrapper : Found @SpringBootConfiguration com.example.demo.ApplicationToPublishScientificDataApplication for test class com.example.demo.integration.LessonControllerIntegrationTest
2025-04-23T17:47:45.587+02:00 DEBUG 7688 --- [           main] o.s.jdbc.datasource.init.ScriptUtils     : Executing SQL script from class path resource [test-schema.sql]
2025-04-23T17:47:45.588+02:00 DEBUG 7688 --- [           main] o.s.jdbc.datasource.init.ScriptUtils     : 0 returned as update count for SQL: DROP TABLE IF EXISTS "comment_likes"
2025-04-23T17:47:45.588+02:00 DEBUG 7688 --- [           main] o.s.jdbc.datasource.init.ScriptUtils     : 0 returned as update count for SQL: DROP TABLE IF EXISTS "comments"
2025-04-23T17:47:45.588+02:00 DEBUG 7688 --- [           main] o.s.jdbc.datasource.init.ScriptUtils     : 0 returned as update count for SQL: DROP TABLE IF EXISTS "posts"
2025-04-23T17:47:45.588+02:00 DEBUG 7688 --- [           main] o.s.jdbc.datasource.init.ScriptUtils     : 0 returned as update count for SQL: DROP TABLE IF EXISTS "app_statistics"
2025-04-23T17:47:45.589+02:00 DEBUG 7688 --- [           main] o.s.jdbc.datasource.init.ScriptUtils     : 0 returned as update count for SQL: DROP TABLE IF EXISTS "task_submissions"
2025-04-23T17:47:45.589+02:00 DEBUG 7688 --- [           main] o.s.jdbc.datasource.init.ScriptUtils     : 0 returned as update count for SQL: DROP TABLE IF EXISTS "lesson_ratings"
2025-04-23T17:47:45.589+02:00 DEBUG 7688 --- [           main] o.s.jdbc.datasource.init.ScriptUtils     : 0 returned as update count for SQL: DROP TABLE IF EXISTS "lesson_tasks"
2025-04-23T17:47:45.589+02:00 DEBUG 7688 --- [           main] o.s.jdbc.datasource.init.ScriptUtils     : 0 returned as update count for SQL: DROP TABLE IF EXISTS "lessons"
2025-04-23T17:47:45.589+02:00 DEBUG 7688 --- [           main] o.s.jdbc.datasource.init.ScriptUtils     : 0 returned as update count for SQL: DROP TABLE IF EXISTS "class_signups"
2025-04-23T17:47:45.589+02:00 DEBUG 7688 --- [           main] o.s.jdbc.datasource.init.ScriptUtils     : 0 returned as update count for SQL: DROP TABLE IF EXISTS "school_classes"
2025-04-23T17:47:45.589+02:00 DEBUG 7688 --- [           main] o.s.jdbc.datasource.init.ScriptUtils     : 0 returned as update count for SQL: DROP TABLE IF EXISTS "users"
2025-04-23T17:47:45.590+02:00 DEBUG 7688 --- [           main] o.s.jdbc.datasource.init.ScriptUtils     : 0 returned as update count for SQL: CREATE TABLE "users" ( id BIGINT PRIMARY KEY AUTO_INCREMENT, username VARCHAR(100) UNIQUE NOT NULL, password VARCHAR(255) NOT NULL, role VARCHAR(20), first_name VARCHAR(100), last_name VARCHAR(100), email VARCHAR(200), student_class BIGINT )
2025-04-23T17:47:45.590+02:00 DEBUG 7688 --- [           main] o.s.jdbc.datasource.init.ScriptUtils     : 0 returned as update count for SQL: CREATE TABLE "class_signups" ( id BIGINT PRIMARY KEY AUTO_INCREMENT, user_id BIGINT NOT NULL, status VARCHAR(50), created_date TIMESTAMP, school_class_id BIGINT )
2025-04-23T17:47:45.591+02:00 DEBUG 7688 --- [           main] o.s.jdbc.datasource.init.ScriptUtils     : 0 returned as update count for SQL: CREATE TABLE "school_classes" ( id BIGSERIAL PRIMARY KEY, name VARCHAR(255) NOT NULL, description TEXT, content TEXT, auto_approve BOOLEAN DEFAULT FALSE, teacher_id BIGINT NOT NULL, signup_deadline TIMESTAMP, CONSTRAINT fk_school_classes_teacher FOREIGN KEY (teacher_id) REFERENCES "users"(id) )
2025-04-23T17:47:45.592+02:00 DEBUG 7688 --- [           main] o.s.jdbc.datasource.init.ScriptUtils     : 0 returned as update count for SQL: CREATE TABLE "lessons" ( id BIGSERIAL PRIMARY KEY, school_class_id BIGINT NOT NULL, title VARCHAR(255) NOT NULL, description TEXT, content TEXT NOT NULL, attachment BYTEA, attachment_filename VARCHAR(255), attachment_content_type VARCHAR(100), solution_required BOOLEAN, solution_due_date TIMESTAMP, CONSTRAINT fk_lessons_school_class FOREIGN KEY (school_class_id) REFERENCES "school_classes"(id) )
2025-04-23T17:47:45.592+02:00 DEBUG 7688 --- [           main] o.s.jdbc.datasource.init.ScriptUtils     : 0 returned as update count for SQL: CREATE TABLE "lesson_tasks" ( id BIGSERIAL PRIMARY KEY, lesson_id BIGINT NOT NULL CONSTRAINT fk_lesson_tasks_lesson REFERENCES "lessons"(id) ON DELETE CASCADE, title VARCHAR(255) NOT NULL, description TEXT, due_date TIMESTAMP, solution_required BOOLEAN NOT NULL DEFAULT FALSE )
2025-04-23T17:47:45.592+02:00 DEBUG 7688 --- [           main] o.s.jdbc.datasource.init.ScriptUtils     : 0 returned as update count for SQL: CREATE TABLE "task_submissions" ( id SERIAL PRIMARY KEY, lesson_task_id BIGINT NOT NULL, user_id BIGINT NOT NULL, solution_text TEXT, solution_file BYTEA, solution_filename VARCHAR(255), solution_content_type VARCHAR(255), submitted_date TIMESTAMP WITHOUT TIME ZONE, grade NUMERIC, teacher_comments TEXT )
2025-04-23T17:47:45.593+02:00 DEBUG 7688 --- [           main] o.s.jdbc.datasource.init.ScriptUtils     : 0 returned as update count for SQL: CREATE TABLE "app_statistics" ( id BIGINT PRIMARY KEY AUTO_INCREMENT, stat_name VARCHAR(100), stat_value BIGINT, timestamp TIMESTAMP )
2025-04-23T17:47:45.593+02:00 DEBUG 7688 --- [           main] o.s.jdbc.datasource.init.ScriptUtils     : 0 returned as update count for SQL: CREATE TABLE "posts" ( id BIGINT PRIMARY KEY AUTO_INCREMENT, title VARCHAR(255), author VARCHAR(255), content TEXT, view_count INT DEFAULT 0, thumbnail BLOB, avg_rating FLOAT, attachment BLOB, thumbnail_filename VARCHAR(255), attachment_filename VARCHAR(255), thumbnail_content_type VARCHAR(255), attachment_content_type VARCHAR(255) )
2025-04-23T17:47:45.593+02:00 DEBUG 7688 --- [           main] o.s.jdbc.datasource.init.ScriptUtils     : 0 returned as update count for SQL: CREATE TABLE IF NOT EXISTS "school_classes" ( id BIGINT PRIMARY KEY AUTO_INCREMENT, name VARCHAR(100), description VARCHAR(500), content TEXT, auto_approve BOOLEAN, teacher_id BIGINT, signup_deadline TIMESTAMP )
2025-04-23T17:47:45.593+02:00 DEBUG 7688 --- [           main] o.s.jdbc.datasource.init.ScriptUtils     : 0 returned as update count for SQL: CREATE TABLE IF NOT EXISTS "comments" ( id BIGINT PRIMARY KEY AUTO_INCREMENT, post_id BIGINT NOT NULL, username VARCHAR(100) NOT NULL, text TEXT NOT NULL, likes INT DEFAULT 0, created_date TIMESTAMP )
2025-04-23T17:47:45.593+02:00 DEBUG 7688 --- [           main] o.s.jdbc.datasource.init.ScriptUtils     : 0 returned as update count for SQL: CREATE TABLE IF NOT EXISTS "comment_likes" ( id BIGINT PRIMARY KEY AUTO_INCREMENT, comment_id BIGINT NOT NULL, username VARCHAR(100) NOT NULL )
2025-04-23T17:47:45.594+02:00 DEBUG 7688 --- [           main] o.s.jdbc.datasource.init.ScriptUtils     : 0 returned as update count for SQL: CREATE TABLE "lesson_ratings" ( id SERIAL PRIMARY KEY, lesson_id BIGINT NOT NULL, user_id BIGINT NOT NULL, rating INTEGER NOT NULL CHECK (rating BETWEEN 1 AND 5), created_date TIMESTAMP NOT NULL, CONSTRAINT fk_lesson FOREIGN KEY (lesson_id) REFERENCES "lessons"(id) )
2025-04-23T17:47:45.594+02:00 DEBUG 7688 --- [           main] o.s.jdbc.datasource.init.ScriptUtils     : Executed SQL script from class path resource [test-schema.sql] in 7 ms.
2025-04-23T17:47:45.596+02:00 DEBUG 7688 --- [           main] o.s.jdbc.core.JdbcTemplate               : Executing SQL update [DELETE FROM "lesson_ratings"]
2025-04-23T17:47:45.596+02:00 DEBUG 7688 --- [           main] o.s.jdbc.core.JdbcTemplate               : Executing SQL update [DELETE FROM "class_signups"]
2025-04-23T17:47:45.596+02:00 DEBUG 7688 --- [           main] o.s.jdbc.core.JdbcTemplate               : Executing SQL update [DELETE FROM "lessons"]
2025-04-23T17:47:45.596+02:00 DEBUG 7688 --- [           main] o.s.jdbc.core.JdbcTemplate               : Executing SQL update [DELETE FROM "school_classes"]
2025-04-23T17:47:45.597+02:00 DEBUG 7688 --- [           main] o.s.jdbc.core.JdbcTemplate               : Executing SQL update [DELETE FROM "users"]
2025-04-23T17:47:45.597+02:00 DEBUG 7688 --- [           main] o.s.jdbc.core.JdbcTemplate               : Executing SQL update and returning generated keys
2025-04-23T17:47:45.597+02:00 DEBUG 7688 --- [           main] o.s.jdbc.core.JdbcTemplate               : Executing prepared SQL statement [INSERT INTO "users" ("EMAIL", "FIRST_NAME", "LAST_NAME", "PASSWORD", "ROLE", "STUDENT_CLASS", "USERNAME") VALUES (?, ?, ?, ?, ?, ?, ?)]
2025-04-23T17:47:45.599+02:00 DEBUG 7688 --- [           main] o.s.jdbc.core.JdbcTemplate               : Executing SQL update and returning generated keys
2025-04-23T17:47:45.599+02:00 DEBUG 7688 --- [           main] o.s.jdbc.core.JdbcTemplate               : Executing prepared SQL statement [INSERT INTO "school_classes" ("AUTO_APPROVE", "CONTENT", "DESCRIPTION", "NAME", "SIGNUP_DEADLINE", "TEACHER_ID") VALUES (?, ?, ?, ?, ?, ?)]
2025-04-23T17:47:45.601+02:00 DEBUG 7688 --- [           main] o.s.jdbc.core.JdbcTemplate               : Executing SQL update and returning generated keys
2025-04-23T17:47:45.601+02:00 DEBUG 7688 --- [           main] o.s.jdbc.core.JdbcTemplate               : Executing prepared SQL statement [INSERT INTO "lessons" ("ATTACHMENT", "ATTACHMENT_CONTENT_TYPE", "ATTACHMENT_FILENAME", "CONTENT", "DESCRIPTION", "SCHOOL_CLASS_ID", "SOLUTION_DUE_DATE", "SOLUTION_REQUIRED", "TITLE") VALUES (?, ?, ?, ?, ?, ?, ?, ?, ?)]
2025-04-23T17:47:45.603+02:00 DEBUG 7688 --- [           main] o.s.jdbc.core.JdbcTemplate               : Executing SQL update and returning generated keys
2025-04-23T17:47:45.603+02:00 DEBUG 7688 --- [           main] o.s.jdbc.core.JdbcTemplate               : Executing prepared SQL statement [INSERT INTO "class_signups" ("CREATED_DATE", "SCHOOL_CLASS_ID", "STATUS", "USER_ID") VALUES (?, ?, ?, ?)]
2025-04-23T17:47:45.608+02:00 DEBUG 7688 --- [           main] w.c.HttpSessionSecurityContextRepository : Created HttpSession as SecurityContext is non-default
2025-04-23T17:47:45.608+02:00 DEBUG 7688 --- [           main] w.c.HttpSessionSecurityContextRepository : Stored SecurityContextImpl [Authentication=UsernamePasswordAuthenticationToken [Principal=org.springframework.security.core.userdetails.User [Username=john, Password=[PROTECTED], Enabled=true, AccountNonExpired=true, CredentialsNonExpired=true, AccountNonLocked=true, Granted Authorities=[ROLE_USER]], Credentials=[PROTECTED], Authenticated=true, Details=null, Granted Authorities=[ROLE_USER]]] to HttpSession [org.springframework.mock.web.MockHttpSession@36f329e7]
2025-04-23T17:47:45.609+02:00 DEBUG 7688 --- [           main] o.s.security.web.FilterChainProxy        : Securing GET /lessons/1
2025-04-23T17:47:45.609+02:00 DEBUG 7688 --- [           main] w.c.HttpSessionSecurityContextRepository : Retrieved SecurityContextImpl [Authentication=UsernamePasswordAuthenticationToken [Principal=org.springframework.security.core.userdetails.User [Username=john, Password=[PROTECTED], Enabled=true, AccountNonExpired=true, CredentialsNonExpired=true, AccountNonLocked=true, Granted Authorities=[ROLE_USER]], Credentials=[PROTECTED], Authenticated=true, Details=null, Granted Authorities=[ROLE_USER]]]
2025-04-23T17:47:45.609+02:00 DEBUG 7688 --- [           main] o.s.security.web.FilterChainProxy        : Secured GET /lessons/1
2025-04-23T17:47:45.611+02:00 DEBUG 7688 --- [           main] o.s.jdbc.core.JdbcTemplate               : Executing prepared SQL query
2025-04-23T17:47:45.611+02:00 DEBUG 7688 --- [           main] o.s.jdbc.core.JdbcTemplate               : Executing prepared SQL statement [SELECT "users"."ID" AS "ID", "users"."ROLE" AS "ROLE", "users"."EMAIL" AS "EMAIL", "users"."LAST_NAME" AS "LAST_NAME", "users"."PASSWORD" AS "PASSWORD", "users"."USERNAME" AS "USERNAME", "users"."FIRST_NAME" AS "FIRST_NAME", "users"."STUDENT_CLASS" AS "STUDENT_CLASS" FROM "users" WHERE "users"."USERNAME" = ?]
2025-04-23T17:47:45.613+02:00 DEBUG 7688 --- [           main] o.s.jdbc.core.JdbcTemplate               : Executing prepared SQL query
2025-04-23T17:47:45.613+02:00 DEBUG 7688 --- [           main] o.s.jdbc.core.JdbcTemplate               : Executing prepared SQL statement [SELECT "lessons"."ID" AS "ID", "lessons"."TITLE" AS "TITLE", "lessons"."CONTENT" AS "CONTENT", "lessons"."ATTACHMENT" AS "ATTACHMENT", "lessons"."DESCRIPTION" AS "DESCRIPTION", "lessons"."SCHOOL_CLASS_ID" AS "SCHOOL_CLASS_ID", "lessons"."SOLUTION_DUE_DATE" AS "SOLUTION_DUE_DATE", "lessons"."SOLUTION_REQUIRED" AS "SOLUTION_REQUIRED", "lessons"."ATTACHMENT_FILENAME" AS "ATTACHMENT_FILENAME", "lessons"."ATTACHMENT_CONTENT_TYPE" AS "ATTACHMENT_CONTENT_TYPE" FROM "lessons" WHERE "lessons"."ID" = ?]
2025-04-23T17:47:45.615+02:00 DEBUG 7688 --- [           main] o.s.jdbc.core.JdbcTemplate               : Executing prepared SQL query
2025-04-23T17:47:45.615+02:00 DEBUG 7688 --- [           main] o.s.jdbc.core.JdbcTemplate               : Executing prepared SQL statement [SELECT "users"."ID" AS "ID", "users"."ROLE" AS "ROLE", "users"."EMAIL" AS "EMAIL", "users"."LAST_NAME" AS "LAST_NAME", "users"."PASSWORD" AS "PASSWORD", "users"."USERNAME" AS "USERNAME", "users"."FIRST_NAME" AS "FIRST_NAME", "users"."STUDENT_CLASS" AS "STUDENT_CLASS" FROM "users" WHERE "users"."USERNAME" = ?]
2025-04-23T17:47:45.616+02:00 DEBUG 7688 --- [           main] o.s.jdbc.core.JdbcTemplate               : Executing prepared SQL query
2025-04-23T17:47:45.616+02:00 DEBUG 7688 --- [           main] o.s.jdbc.core.JdbcTemplate               : Executing prepared SQL statement [SELECT "class_signups"."ID" AS "ID", "class_signups"."USER_ID" AS "USER_ID", "class_signups"."STATUS" AS "STATUS", "class_signups"."CREATED_DATE" AS "CREATED_DATE", "class_signups"."SCHOOL_CLASS_ID" AS "SCHOOL_CLASS_ID" FROM "class_signups" WHERE "class_signups"."SCHOOL_CLASS_ID" = ? AND ("class_signups"."USER_ID" = ?)]
2025-04-23T17:47:45.617+02:00 DEBUG 7688 --- [           main] o.s.jdbc.core.JdbcTemplate               : Executing prepared SQL query
2025-04-23T17:47:45.617+02:00 DEBUG 7688 --- [           main] o.s.jdbc.core.JdbcTemplate               : Executing prepared SQL statement [SELECT "lesson_ratings"."ID" AS "ID", "lesson_ratings"."RATING" AS "RATING", "lesson_ratings"."USER_ID" AS "USER_ID", "lesson_ratings"."LESSON_ID" AS "LESSON_ID", "lesson_ratings"."CREATED_DATE" AS "CREATED_DATE" FROM "lesson_ratings" WHERE "lesson_ratings"."LESSON_ID" = ?]
2025-04-23T17:47:45.619+02:00 DEBUG 7688 --- [           main] o.s.jdbc.core.JdbcTemplate               : Executing prepared SQL query
2025-04-23T17:47:45.619+02:00 DEBUG 7688 --- [           main] o.s.jdbc.core.JdbcTemplate               : Executing prepared SQL statement [SELECT "lesson_ratings"."ID" AS "ID", "lesson_ratings"."RATING" AS "RATING", "lesson_ratings"."USER_ID" AS "USER_ID", "lesson_ratings"."LESSON_ID" AS "LESSON_ID", "lesson_ratings"."CREATED_DATE" AS "CREATED_DATE" FROM "lesson_ratings" WHERE "lesson_ratings"."LESSON_ID" = ? AND ("lesson_ratings"."USER_ID" = ?)]
2025-04-23T17:47:45.625+02:00  WARN 7688 --- [           main] actStandardFragmentInsertionTagProcessor : [THYMELEAF][main][lessonDetail] Deprecated unwrapped fragment expression "common :: footer" found in template lessonDetail, line 37, col 6. Please use the complete syntax of fragment expressions instead ("~{common :: footer}"). The old, unwrapped syntax for fragment expressions will be removed in future versions of Thymeleaf.
]]></system-out>
  </testcase>
  <testcase name="approvedUserSeesLessonDetailWithRating" classname="com.example.demo.integration.LessonControllerIntegrationTest" time="0.029">
    <system-out><![CDATA[2025-04-23T17:47:45.640+02:00 DEBUG 7688 --- [           main] o.s.jdbc.datasource.init.ScriptUtils     : Executing SQL script from class path resource [test-schema.sql]
2025-04-23T17:47:45.642+02:00 DEBUG 7688 --- [           main] o.s.jdbc.datasource.init.ScriptUtils     : 0 returned as update count for SQL: DROP TABLE IF EXISTS "comment_likes"
2025-04-23T17:47:45.642+02:00 DEBUG 7688 --- [           main] o.s.jdbc.datasource.init.ScriptUtils     : 0 returned as update count for SQL: DROP TABLE IF EXISTS "comments"
2025-04-23T17:47:45.642+02:00 DEBUG 7688 --- [           main] o.s.jdbc.datasource.init.ScriptUtils     : 0 returned as update count for SQL: DROP TABLE IF EXISTS "posts"
2025-04-23T17:47:45.642+02:00 DEBUG 7688 --- [           main] o.s.jdbc.datasource.init.ScriptUtils     : 0 returned as update count for SQL: DROP TABLE IF EXISTS "app_statistics"
2025-04-23T17:47:45.643+02:00 DEBUG 7688 --- [           main] o.s.jdbc.datasource.init.ScriptUtils     : 0 returned as update count for SQL: DROP TABLE IF EXISTS "task_submissions"
2025-04-23T17:47:45.643+02:00 DEBUG 7688 --- [           main] o.s.jdbc.datasource.init.ScriptUtils     : 0 returned as update count for SQL: DROP TABLE IF EXISTS "lesson_ratings"
2025-04-23T17:47:45.643+02:00 DEBUG 7688 --- [           main] o.s.jdbc.datasource.init.ScriptUtils     : 0 returned as update count for SQL: DROP TABLE IF EXISTS "lesson_tasks"
2025-04-23T17:47:45.643+02:00 DEBUG 7688 --- [           main] o.s.jdbc.datasource.init.ScriptUtils     : 0 returned as update count for SQL: DROP TABLE IF EXISTS "lessons"
2025-04-23T17:47:45.643+02:00 DEBUG 7688 --- [           main] o.s.jdbc.datasource.init.ScriptUtils     : 0 returned as update count for SQL: DROP TABLE IF EXISTS "class_signups"
2025-04-23T17:47:45.643+02:00 DEBUG 7688 --- [           main] o.s.jdbc.datasource.init.ScriptUtils     : 0 returned as update count for SQL: DROP TABLE IF EXISTS "school_classes"
2025-04-23T17:47:45.643+02:00 DEBUG 7688 --- [           main] o.s.jdbc.datasource.init.ScriptUtils     : 0 returned as update count for SQL: DROP TABLE IF EXISTS "users"
2025-04-23T17:47:45.644+02:00 DEBUG 7688 --- [           main] o.s.jdbc.datasource.init.ScriptUtils     : 0 returned as update count for SQL: CREATE TABLE "users" ( id BIGINT PRIMARY KEY AUTO_INCREMENT, username VARCHAR(100) UNIQUE NOT NULL, password VARCHAR(255) NOT NULL, role VARCHAR(20), first_name VARCHAR(100), last_name VARCHAR(100), email VARCHAR(200), student_class BIGINT )
2025-04-23T17:47:45.644+02:00 DEBUG 7688 --- [           main] o.s.jdbc.datasource.init.ScriptUtils     : 0 returned as update count for SQL: CREATE TABLE "class_signups" ( id BIGINT PRIMARY KEY AUTO_INCREMENT, user_id BIGINT NOT NULL, status VARCHAR(50), created_date TIMESTAMP, school_class_id BIGINT )
2025-04-23T17:47:45.644+02:00 DEBUG 7688 --- [           main] o.s.jdbc.datasource.init.ScriptUtils     : 0 returned as update count for SQL: CREATE TABLE "school_classes" ( id BIGSERIAL PRIMARY KEY, name VARCHAR(255) NOT NULL, description TEXT, content TEXT, auto_approve BOOLEAN DEFAULT FALSE, teacher_id BIGINT NOT NULL, signup_deadline TIMESTAMP, CONSTRAINT fk_school_classes_teacher FOREIGN KEY (teacher_id) REFERENCES "users"(id) )
2025-04-23T17:47:45.645+02:00 DEBUG 7688 --- [           main] o.s.jdbc.datasource.init.ScriptUtils     : 0 returned as update count for SQL: CREATE TABLE "lessons" ( id BIGSERIAL PRIMARY KEY, school_class_id BIGINT NOT NULL, title VARCHAR(255) NOT NULL, description TEXT, content TEXT NOT NULL, attachment BYTEA, attachment_filename VARCHAR(255), attachment_content_type VARCHAR(100), solution_required BOOLEAN, solution_due_date TIMESTAMP, CONSTRAINT fk_lessons_school_class FOREIGN KEY (school_class_id) REFERENCES "school_classes"(id) )
2025-04-23T17:47:45.645+02:00 DEBUG 7688 --- [           main] o.s.jdbc.datasource.init.ScriptUtils     : 0 returned as update count for SQL: CREATE TABLE "lesson_tasks" ( id BIGSERIAL PRIMARY KEY, lesson_id BIGINT NOT NULL CONSTRAINT fk_lesson_tasks_lesson REFERENCES "lessons"(id) ON DELETE CASCADE, title VARCHAR(255) NOT NULL, description TEXT, due_date TIMESTAMP, solution_required BOOLEAN NOT NULL DEFAULT FALSE )
2025-04-23T17:47:45.646+02:00 DEBUG 7688 --- [           main] o.s.jdbc.datasource.init.ScriptUtils     : 0 returned as update count for SQL: CREATE TABLE "task_submissions" ( id SERIAL PRIMARY KEY, lesson_task_id BIGINT NOT NULL, user_id BIGINT NOT NULL, solution_text TEXT, solution_file BYTEA, solution_filename VARCHAR(255), solution_content_type VARCHAR(255), submitted_date TIMESTAMP WITHOUT TIME ZONE, grade NUMERIC, teacher_comments TEXT )
2025-04-23T17:47:45.646+02:00 DEBUG 7688 --- [           main] o.s.jdbc.datasource.init.ScriptUtils     : 0 returned as update count for SQL: CREATE TABLE "app_statistics" ( id BIGINT PRIMARY KEY AUTO_INCREMENT, stat_name VARCHAR(100), stat_value BIGINT, timestamp TIMESTAMP )
2025-04-23T17:47:45.646+02:00 DEBUG 7688 --- [           main] o.s.jdbc.datasource.init.ScriptUtils     : 0 returned as update count for SQL: CREATE TABLE "posts" ( id BIGINT PRIMARY KEY AUTO_INCREMENT, title VARCHAR(255), author VARCHAR(255), content TEXT, view_count INT DEFAULT 0, thumbnail BLOB, avg_rating FLOAT, attachment BLOB, thumbnail_filename VARCHAR(255), attachment_filename VARCHAR(255), thumbnail_content_type VARCHAR(255), attachment_content_type VARCHAR(255) )
2025-04-23T17:47:45.646+02:00 DEBUG 7688 --- [           main] o.s.jdbc.datasource.init.ScriptUtils     : 0 returned as update count for SQL: CREATE TABLE IF NOT EXISTS "school_classes" ( id BIGINT PRIMARY KEY AUTO_INCREMENT, name VARCHAR(100), description VARCHAR(500), content TEXT, auto_approve BOOLEAN, teacher_id BIGINT, signup_deadline TIMESTAMP )
2025-04-23T17:47:45.646+02:00 DEBUG 7688 --- [           main] o.s.jdbc.datasource.init.ScriptUtils     : 0 returned as update count for SQL: CREATE TABLE IF NOT EXISTS "comments" ( id BIGINT PRIMARY KEY AUTO_INCREMENT, post_id BIGINT NOT NULL, username VARCHAR(100) NOT NULL, text TEXT NOT NULL, likes INT DEFAULT 0, created_date TIMESTAMP )
2025-04-23T17:47:45.647+02:00 DEBUG 7688 --- [           main] o.s.jdbc.datasource.init.ScriptUtils     : 0 returned as update count for SQL: CREATE TABLE IF NOT EXISTS "comment_likes" ( id BIGINT PRIMARY KEY AUTO_INCREMENT, comment_id BIGINT NOT NULL, username VARCHAR(100) NOT NULL )
2025-04-23T17:47:45.647+02:00 DEBUG 7688 --- [           main] o.s.jdbc.datasource.init.ScriptUtils     : 0 returned as update count for SQL: CREATE TABLE "lesson_ratings" ( id SERIAL PRIMARY KEY, lesson_id BIGINT NOT NULL, user_id BIGINT NOT NULL, rating INTEGER NOT NULL CHECK (rating BETWEEN 1 AND 5), created_date TIMESTAMP NOT NULL, CONSTRAINT fk_lesson FOREIGN KEY (lesson_id) REFERENCES "lessons"(id) )
2025-04-23T17:47:45.647+02:00 DEBUG 7688 --- [           main] o.s.jdbc.datasource.init.ScriptUtils     : Executed SQL script from class path resource [test-schema.sql] in 7 ms.
2025-04-23T17:47:45.648+02:00 DEBUG 7688 --- [           main] o.s.jdbc.core.JdbcTemplate               : Executing SQL update [DELETE FROM "lesson_ratings"]
2025-04-23T17:47:45.649+02:00 DEBUG 7688 --- [           main] o.s.jdbc.core.JdbcTemplate               : Executing SQL update [DELETE FROM "class_signups"]
2025-04-23T17:47:45.649+02:00 DEBUG 7688 --- [           main] o.s.jdbc.core.JdbcTemplate               : Executing SQL update [DELETE FROM "lessons"]
2025-04-23T17:47:45.649+02:00 DEBUG 7688 --- [           main] o.s.jdbc.core.JdbcTemplate               : Executing SQL update [DELETE FROM "school_classes"]
2025-04-23T17:47:45.649+02:00 DEBUG 7688 --- [           main] o.s.jdbc.core.JdbcTemplate               : Executing SQL update [DELETE FROM "users"]
2025-04-23T17:47:45.650+02:00 DEBUG 7688 --- [           main] o.s.jdbc.core.JdbcTemplate               : Executing SQL update and returning generated keys
2025-04-23T17:47:45.650+02:00 DEBUG 7688 --- [           main] o.s.jdbc.core.JdbcTemplate               : Executing prepared SQL statement [INSERT INTO "users" ("EMAIL", "FIRST_NAME", "LAST_NAME", "PASSWORD", "ROLE", "STUDENT_CLASS", "USERNAME") VALUES (?, ?, ?, ?, ?, ?, ?)]
2025-04-23T17:47:45.651+02:00 DEBUG 7688 --- [           main] o.s.jdbc.core.JdbcTemplate               : Executing SQL update and returning generated keys
2025-04-23T17:47:45.651+02:00 DEBUG 7688 --- [           main] o.s.jdbc.core.JdbcTemplate               : Executing prepared SQL statement [INSERT INTO "school_classes" ("AUTO_APPROVE", "CONTENT", "DESCRIPTION", "NAME", "SIGNUP_DEADLINE", "TEACHER_ID") VALUES (?, ?, ?, ?, ?, ?)]
2025-04-23T17:47:45.651+02:00 DEBUG 7688 --- [           main] o.s.jdbc.core.JdbcTemplate               : Executing SQL update and returning generated keys
2025-04-23T17:47:45.651+02:00 DEBUG 7688 --- [           main] o.s.jdbc.core.JdbcTemplate               : Executing prepared SQL statement [INSERT INTO "lessons" ("ATTACHMENT", "ATTACHMENT_CONTENT_TYPE", "ATTACHMENT_FILENAME", "CONTENT", "DESCRIPTION", "SCHOOL_CLASS_ID", "SOLUTION_DUE_DATE", "SOLUTION_REQUIRED", "TITLE") VALUES (?, ?, ?, ?, ?, ?, ?, ?, ?)]
2025-04-23T17:47:45.652+02:00 DEBUG 7688 --- [           main] o.s.jdbc.core.JdbcTemplate               : Executing SQL update and returning generated keys
2025-04-23T17:47:45.652+02:00 DEBUG 7688 --- [           main] o.s.jdbc.core.JdbcTemplate               : Executing prepared SQL statement [INSERT INTO "class_signups" ("CREATED_DATE", "SCHOOL_CLASS_ID", "STATUS", "USER_ID") VALUES (?, ?, ?, ?)]
2025-04-23T17:47:45.654+02:00 DEBUG 7688 --- [           main] o.s.jdbc.core.JdbcTemplate               : Executing SQL update and returning generated keys
2025-04-23T17:47:45.654+02:00 DEBUG 7688 --- [           main] o.s.jdbc.core.JdbcTemplate               : Executing prepared SQL statement [INSERT INTO "lesson_ratings" ("CREATED_DATE", "LESSON_ID", "RATING", "USER_ID") VALUES (?, ?, ?, ?)]
2025-04-23T17:47:45.656+02:00 DEBUG 7688 --- [           main] w.c.HttpSessionSecurityContextRepository : Created HttpSession as SecurityContext is non-default
2025-04-23T17:47:45.656+02:00 DEBUG 7688 --- [           main] w.c.HttpSessionSecurityContextRepository : Stored SecurityContextImpl [Authentication=UsernamePasswordAuthenticationToken [Principal=org.springframework.security.core.userdetails.User [Username=john, Password=[PROTECTED], Enabled=true, AccountNonExpired=true, CredentialsNonExpired=true, AccountNonLocked=true, Granted Authorities=[ROLE_USER]], Credentials=[PROTECTED], Authenticated=true, Details=null, Granted Authorities=[ROLE_USER]]] to HttpSession [org.springframework.mock.web.MockHttpSession@66049424]
2025-04-23T17:47:45.656+02:00 DEBUG 7688 --- [           main] o.s.security.web.FilterChainProxy        : Securing GET /lessons/1
2025-04-23T17:47:45.657+02:00 DEBUG 7688 --- [           main] w.c.HttpSessionSecurityContextRepository : Retrieved SecurityContextImpl [Authentication=UsernamePasswordAuthenticationToken [Principal=org.springframework.security.core.userdetails.User [Username=john, Password=[PROTECTED], Enabled=true, AccountNonExpired=true, CredentialsNonExpired=true, AccountNonLocked=true, Granted Authorities=[ROLE_USER]], Credentials=[PROTECTED], Authenticated=true, Details=null, Granted Authorities=[ROLE_USER]]]
2025-04-23T17:47:45.657+02:00 DEBUG 7688 --- [           main] o.s.security.web.FilterChainProxy        : Secured GET /lessons/1
2025-04-23T17:47:45.657+02:00 DEBUG 7688 --- [           main] o.s.jdbc.core.JdbcTemplate               : Executing prepared SQL query
2025-04-23T17:47:45.657+02:00 DEBUG 7688 --- [           main] o.s.jdbc.core.JdbcTemplate               : Executing prepared SQL statement [SELECT "users"."ID" AS "ID", "users"."ROLE" AS "ROLE", "users"."EMAIL" AS "EMAIL", "users"."LAST_NAME" AS "LAST_NAME", "users"."PASSWORD" AS "PASSWORD", "users"."USERNAME" AS "USERNAME", "users"."FIRST_NAME" AS "FIRST_NAME", "users"."STUDENT_CLASS" AS "STUDENT_CLASS" FROM "users" WHERE "users"."USERNAME" = ?]
2025-04-23T17:47:45.658+02:00 DEBUG 7688 --- [           main] o.s.jdbc.core.JdbcTemplate               : Executing prepared SQL query
2025-04-23T17:47:45.658+02:00 DEBUG 7688 --- [           main] o.s.jdbc.core.JdbcTemplate               : Executing prepared SQL statement [SELECT "lessons"."ID" AS "ID", "lessons"."TITLE" AS "TITLE", "lessons"."CONTENT" AS "CONTENT", "lessons"."ATTACHMENT" AS "ATTACHMENT", "lessons"."DESCRIPTION" AS "DESCRIPTION", "lessons"."SCHOOL_CLASS_ID" AS "SCHOOL_CLASS_ID", "lessons"."SOLUTION_DUE_DATE" AS "SOLUTION_DUE_DATE", "lessons"."SOLUTION_REQUIRED" AS "SOLUTION_REQUIRED", "lessons"."ATTACHMENT_FILENAME" AS "ATTACHMENT_FILENAME", "lessons"."ATTACHMENT_CONTENT_TYPE" AS "ATTACHMENT_CONTENT_TYPE" FROM "lessons" WHERE "lessons"."ID" = ?]
2025-04-23T17:47:45.659+02:00 DEBUG 7688 --- [           main] o.s.jdbc.core.JdbcTemplate               : Executing prepared SQL query
2025-04-23T17:47:45.659+02:00 DEBUG 7688 --- [           main] o.s.jdbc.core.JdbcTemplate               : Executing prepared SQL statement [SELECT "users"."ID" AS "ID", "users"."ROLE" AS "ROLE", "users"."EMAIL" AS "EMAIL", "users"."LAST_NAME" AS "LAST_NAME", "users"."PASSWORD" AS "PASSWORD", "users"."USERNAME" AS "USERNAME", "users"."FIRST_NAME" AS "FIRST_NAME", "users"."STUDENT_CLASS" AS "STUDENT_CLASS" FROM "users" WHERE "users"."USERNAME" = ?]
2025-04-23T17:47:45.659+02:00 DEBUG 7688 --- [           main] o.s.jdbc.core.JdbcTemplate               : Executing prepared SQL query
2025-04-23T17:47:45.659+02:00 DEBUG 7688 --- [           main] o.s.jdbc.core.JdbcTemplate               : Executing prepared SQL statement [SELECT "class_signups"."ID" AS "ID", "class_signups"."USER_ID" AS "USER_ID", "class_signups"."STATUS" AS "STATUS", "class_signups"."CREATED_DATE" AS "CREATED_DATE", "class_signups"."SCHOOL_CLASS_ID" AS "SCHOOL_CLASS_ID" FROM "class_signups" WHERE "class_signups"."SCHOOL_CLASS_ID" = ? AND ("class_signups"."USER_ID" = ?)]
2025-04-23T17:47:45.661+02:00 DEBUG 7688 --- [           main] o.s.jdbc.core.JdbcTemplate               : Executing prepared SQL query
2025-04-23T17:47:45.661+02:00 DEBUG 7688 --- [           main] o.s.jdbc.core.JdbcTemplate               : Executing prepared SQL statement [SELECT "lesson_ratings"."ID" AS "ID", "lesson_ratings"."RATING" AS "RATING", "lesson_ratings"."USER_ID" AS "USER_ID", "lesson_ratings"."LESSON_ID" AS "LESSON_ID", "lesson_ratings"."CREATED_DATE" AS "CREATED_DATE" FROM "lesson_ratings" WHERE "lesson_ratings"."LESSON_ID" = ?]
2025-04-23T17:47:45.662+02:00 DEBUG 7688 --- [           main] o.s.jdbc.core.JdbcTemplate               : Executing prepared SQL query
2025-04-23T17:47:45.662+02:00 DEBUG 7688 --- [           main] o.s.jdbc.core.JdbcTemplate               : Executing prepared SQL statement [SELECT "lesson_ratings"."ID" AS "ID", "lesson_ratings"."RATING" AS "RATING", "lesson_ratings"."USER_ID" AS "USER_ID", "lesson_ratings"."LESSON_ID" AS "LESSON_ID", "lesson_ratings"."CREATED_DATE" AS "CREATED_DATE" FROM "lesson_ratings" WHERE "lesson_ratings"."LESSON_ID" = ? AND ("lesson_ratings"."USER_ID" = ?)]
2025-04-23T17:47:45.665+02:00  WARN 7688 --- [           main] actStandardFragmentInsertionTagProcessor : [THYMELEAF][main][lessonDetail] Deprecated unwrapped fragment expression "common :: footer" found in template lessonDetail, line 37, col 6. Please use the complete syntax of fragment expressions instead ("~{common :: footer}"). The old, unwrapped syntax for fragment expressions will be removed in future versions of Thymeleaf.
]]></system-out>
  </testcase>
  <testcase name="lessonNotFoundRedirectsToClasses" classname="com.example.demo.integration.LessonControllerIntegrationTest" time="0.02">
    <system-out><![CDATA[2025-04-23T17:47:45.670+02:00 DEBUG 7688 --- [           main] o.s.jdbc.datasource.init.ScriptUtils     : Executing SQL script from class path resource [test-schema.sql]
2025-04-23T17:47:45.671+02:00 DEBUG 7688 --- [           main] o.s.jdbc.datasource.init.ScriptUtils     : 0 returned as update count for SQL: DROP TABLE IF EXISTS "comment_likes"
2025-04-23T17:47:45.671+02:00 DEBUG 7688 --- [           main] o.s.jdbc.datasource.init.ScriptUtils     : 0 returned as update count for SQL: DROP TABLE IF EXISTS "comments"
2025-04-23T17:47:45.671+02:00 DEBUG 7688 --- [           main] o.s.jdbc.datasource.init.ScriptUtils     : 0 returned as update count for SQL: DROP TABLE IF EXISTS "posts"
2025-04-23T17:47:45.671+02:00 DEBUG 7688 --- [           main] o.s.jdbc.datasource.init.ScriptUtils     : 0 returned as update count for SQL: DROP TABLE IF EXISTS "app_statistics"
2025-04-23T17:47:45.672+02:00 DEBUG 7688 --- [           main] o.s.jdbc.datasource.init.ScriptUtils     : 0 returned as update count for SQL: DROP TABLE IF EXISTS "task_submissions"
2025-04-23T17:47:45.672+02:00 DEBUG 7688 --- [           main] o.s.jdbc.datasource.init.ScriptUtils     : 0 returned as update count for SQL: DROP TABLE IF EXISTS "lesson_ratings"
2025-04-23T17:47:45.672+02:00 DEBUG 7688 --- [           main] o.s.jdbc.datasource.init.ScriptUtils     : 0 returned as update count for SQL: DROP TABLE IF EXISTS "lesson_tasks"
2025-04-23T17:47:45.672+02:00 DEBUG 7688 --- [           main] o.s.jdbc.datasource.init.ScriptUtils     : 0 returned as update count for SQL: DROP TABLE IF EXISTS "lessons"
2025-04-23T17:47:45.672+02:00 DEBUG 7688 --- [           main] o.s.jdbc.datasource.init.ScriptUtils     : 0 returned as update count for SQL: DROP TABLE IF EXISTS "class_signups"
2025-04-23T17:47:45.673+02:00 DEBUG 7688 --- [           main] o.s.jdbc.datasource.init.ScriptUtils     : 0 returned as update count for SQL: DROP TABLE IF EXISTS "school_classes"
2025-04-23T17:47:45.673+02:00 DEBUG 7688 --- [           main] o.s.jdbc.datasource.init.ScriptUtils     : 0 returned as update count for SQL: DROP TABLE IF EXISTS "users"
2025-04-23T17:47:45.673+02:00 DEBUG 7688 --- [           main] o.s.jdbc.datasource.init.ScriptUtils     : 0 returned as update count for SQL: CREATE TABLE "users" ( id BIGINT PRIMARY KEY AUTO_INCREMENT, username VARCHAR(100) UNIQUE NOT NULL, password VARCHAR(255) NOT NULL, role VARCHAR(20), first_name VARCHAR(100), last_name VARCHAR(100), email VARCHAR(200), student_class BIGINT )
2025-04-23T17:47:45.673+02:00 DEBUG 7688 --- [           main] o.s.jdbc.datasource.init.ScriptUtils     : 0 returned as update count for SQL: CREATE TABLE "class_signups" ( id BIGINT PRIMARY KEY AUTO_INCREMENT, user_id BIGINT NOT NULL, status VARCHAR(50), created_date TIMESTAMP, school_class_id BIGINT )
2025-04-23T17:47:45.674+02:00 DEBUG 7688 --- [           main] o.s.jdbc.datasource.init.ScriptUtils     : 0 returned as update count for SQL: CREATE TABLE "school_classes" ( id BIGSERIAL PRIMARY KEY, name VARCHAR(255) NOT NULL, description TEXT, content TEXT, auto_approve BOOLEAN DEFAULT FALSE, teacher_id BIGINT NOT NULL, signup_deadline TIMESTAMP, CONSTRAINT fk_school_classes_teacher FOREIGN KEY (teacher_id) REFERENCES "users"(id) )
2025-04-23T17:47:45.676+02:00 DEBUG 7688 --- [           main] o.s.jdbc.datasource.init.ScriptUtils     : 0 returned as update count for SQL: CREATE TABLE "lessons" ( id BIGSERIAL PRIMARY KEY, school_class_id BIGINT NOT NULL, title VARCHAR(255) NOT NULL, description TEXT, content TEXT NOT NULL, attachment BYTEA, attachment_filename VARCHAR(255), attachment_content_type VARCHAR(100), solution_required BOOLEAN, solution_due_date TIMESTAMP, CONSTRAINT fk_lessons_school_class FOREIGN KEY (school_class_id) REFERENCES "school_classes"(id) )
2025-04-23T17:47:45.676+02:00 DEBUG 7688 --- [           main] o.s.jdbc.datasource.init.ScriptUtils     : 0 returned as update count for SQL: CREATE TABLE "lesson_tasks" ( id BIGSERIAL PRIMARY KEY, lesson_id BIGINT NOT NULL CONSTRAINT fk_lesson_tasks_lesson REFERENCES "lessons"(id) ON DELETE CASCADE, title VARCHAR(255) NOT NULL, description TEXT, due_date TIMESTAMP, solution_required BOOLEAN NOT NULL DEFAULT FALSE )
2025-04-23T17:47:45.677+02:00 DEBUG 7688 --- [           main] o.s.jdbc.datasource.init.ScriptUtils     : 0 returned as update count for SQL: CREATE TABLE "task_submissions" ( id SERIAL PRIMARY KEY, lesson_task_id BIGINT NOT NULL, user_id BIGINT NOT NULL, solution_text TEXT, solution_file BYTEA, solution_filename VARCHAR(255), solution_content_type VARCHAR(255), submitted_date TIMESTAMP WITHOUT TIME ZONE, grade NUMERIC, teacher_comments TEXT )
2025-04-23T17:47:45.677+02:00 DEBUG 7688 --- [           main] o.s.jdbc.datasource.init.ScriptUtils     : 0 returned as update count for SQL: CREATE TABLE "app_statistics" ( id BIGINT PRIMARY KEY AUTO_INCREMENT, stat_name VARCHAR(100), stat_value BIGINT, timestamp TIMESTAMP )
2025-04-23T17:47:45.677+02:00 DEBUG 7688 --- [           main] o.s.jdbc.datasource.init.ScriptUtils     : 0 returned as update count for SQL: CREATE TABLE "posts" ( id BIGINT PRIMARY KEY AUTO_INCREMENT, title VARCHAR(255), author VARCHAR(255), content TEXT, view_count INT DEFAULT 0, thumbnail BLOB, avg_rating FLOAT, attachment BLOB, thumbnail_filename VARCHAR(255), attachment_filename VARCHAR(255), thumbnail_content_type VARCHAR(255), attachment_content_type VARCHAR(255) )
2025-04-23T17:47:45.677+02:00 DEBUG 7688 --- [           main] o.s.jdbc.datasource.init.ScriptUtils     : 0 returned as update count for SQL: CREATE TABLE IF NOT EXISTS "school_classes" ( id BIGINT PRIMARY KEY AUTO_INCREMENT, name VARCHAR(100), description VARCHAR(500), content TEXT, auto_approve BOOLEAN, teacher_id BIGINT, signup_deadline TIMESTAMP )
2025-04-23T17:47:45.678+02:00 DEBUG 7688 --- [           main] o.s.jdbc.datasource.init.ScriptUtils     : 0 returned as update count for SQL: CREATE TABLE IF NOT EXISTS "comments" ( id BIGINT PRIMARY KEY AUTO_INCREMENT, post_id BIGINT NOT NULL, username VARCHAR(100) NOT NULL, text TEXT NOT NULL, likes INT DEFAULT 0, created_date TIMESTAMP )
2025-04-23T17:47:45.678+02:00 DEBUG 7688 --- [           main] o.s.jdbc.datasource.init.ScriptUtils     : 0 returned as update count for SQL: CREATE TABLE IF NOT EXISTS "comment_likes" ( id BIGINT PRIMARY KEY AUTO_INCREMENT, comment_id BIGINT NOT NULL, username VARCHAR(100) NOT NULL )
2025-04-23T17:47:45.679+02:00 DEBUG 7688 --- [           main] o.s.jdbc.datasource.init.ScriptUtils     : 0 returned as update count for SQL: CREATE TABLE "lesson_ratings" ( id SERIAL PRIMARY KEY, lesson_id BIGINT NOT NULL, user_id BIGINT NOT NULL, rating INTEGER NOT NULL CHECK (rating BETWEEN 1 AND 5), created_date TIMESTAMP NOT NULL, CONSTRAINT fk_lesson FOREIGN KEY (lesson_id) REFERENCES "lessons"(id) )
2025-04-23T17:47:45.679+02:00 DEBUG 7688 --- [           main] o.s.jdbc.datasource.init.ScriptUtils     : Executed SQL script from class path resource [test-schema.sql] in 9 ms.
2025-04-23T17:47:45.680+02:00 DEBUG 7688 --- [           main] o.s.jdbc.core.JdbcTemplate               : Executing SQL update [DELETE FROM "lesson_ratings"]
2025-04-23T17:47:45.680+02:00 DEBUG 7688 --- [           main] o.s.jdbc.core.JdbcTemplate               : Executing SQL update [DELETE FROM "class_signups"]
2025-04-23T17:47:45.680+02:00 DEBUG 7688 --- [           main] o.s.jdbc.core.JdbcTemplate               : Executing SQL update [DELETE FROM "lessons"]
2025-04-23T17:47:45.680+02:00 DEBUG 7688 --- [           main] o.s.jdbc.core.JdbcTemplate               : Executing SQL update [DELETE FROM "school_classes"]
2025-04-23T17:47:45.680+02:00 DEBUG 7688 --- [           main] o.s.jdbc.core.JdbcTemplate               : Executing SQL update [DELETE FROM "users"]
2025-04-23T17:47:45.682+02:00 DEBUG 7688 --- [           main] o.s.jdbc.core.JdbcTemplate               : Executing SQL update and returning generated keys
2025-04-23T17:47:45.682+02:00 DEBUG 7688 --- [           main] o.s.jdbc.core.JdbcTemplate               : Executing prepared SQL statement [INSERT INTO "users" ("EMAIL", "FIRST_NAME", "LAST_NAME", "PASSWORD", "ROLE", "STUDENT_CLASS", "USERNAME") VALUES (?, ?, ?, ?, ?, ?, ?)]
2025-04-23T17:47:45.683+02:00 DEBUG 7688 --- [           main] o.s.jdbc.core.JdbcTemplate               : Executing SQL update and returning generated keys
2025-04-23T17:47:45.683+02:00 DEBUG 7688 --- [           main] o.s.jdbc.core.JdbcTemplate               : Executing prepared SQL statement [INSERT INTO "school_classes" ("AUTO_APPROVE", "CONTENT", "DESCRIPTION", "NAME", "SIGNUP_DEADLINE", "TEACHER_ID") VALUES (?, ?, ?, ?, ?, ?)]
2025-04-23T17:47:45.683+02:00 DEBUG 7688 --- [           main] o.s.jdbc.core.JdbcTemplate               : Executing SQL update and returning generated keys
2025-04-23T17:47:45.683+02:00 DEBUG 7688 --- [           main] o.s.jdbc.core.JdbcTemplate               : Executing prepared SQL statement [INSERT INTO "lessons" ("ATTACHMENT", "ATTACHMENT_CONTENT_TYPE", "ATTACHMENT_FILENAME", "CONTENT", "DESCRIPTION", "SCHOOL_CLASS_ID", "SOLUTION_DUE_DATE", "SOLUTION_REQUIRED", "TITLE") VALUES (?, ?, ?, ?, ?, ?, ?, ?, ?)]
2025-04-23T17:47:45.684+02:00 DEBUG 7688 --- [           main] o.s.security.web.FilterChainProxy        : Securing GET /lessons/999
2025-04-23T17:47:45.684+02:00 DEBUG 7688 --- [           main] o.s.s.w.a.AnonymousAuthenticationFilter  : Set SecurityContextHolder to anonymous SecurityContext
2025-04-23T17:47:45.686+02:00 DEBUG 7688 --- [           main] o.s.s.w.s.HttpSessionRequestCache        : Saved request http://localhost/lessons/999?continue to session
2025-04-23T17:47:45.687+02:00 DEBUG 7688 --- [           main] o.s.s.web.DefaultRedirectStrategy        : Redirecting to http://localhost/login
]]></system-out>
  </testcase>
  <testcase name="userNotSignedUpRedirectsToClassPage" classname="com.example.demo.integration.LessonControllerIntegrationTest" time="0.02">
    <system-out><![CDATA[2025-04-23T17:47:45.690+02:00 DEBUG 7688 --- [           main] o.s.jdbc.datasource.init.ScriptUtils     : Executing SQL script from class path resource [test-schema.sql]
2025-04-23T17:47:45.690+02:00 DEBUG 7688 --- [           main] o.s.jdbc.datasource.init.ScriptUtils     : 0 returned as update count for SQL: DROP TABLE IF EXISTS "comment_likes"
2025-04-23T17:47:45.691+02:00 DEBUG 7688 --- [           main] o.s.jdbc.datasource.init.ScriptUtils     : 0 returned as update count for SQL: DROP TABLE IF EXISTS "comments"
2025-04-23T17:47:45.691+02:00 DEBUG 7688 --- [           main] o.s.jdbc.datasource.init.ScriptUtils     : 0 returned as update count for SQL: DROP TABLE IF EXISTS "posts"
2025-04-23T17:47:45.691+02:00 DEBUG 7688 --- [           main] o.s.jdbc.datasource.init.ScriptUtils     : 0 returned as update count for SQL: DROP TABLE IF EXISTS "app_statistics"
2025-04-23T17:47:45.691+02:00 DEBUG 7688 --- [           main] o.s.jdbc.datasource.init.ScriptUtils     : 0 returned as update count for SQL: DROP TABLE IF EXISTS "task_submissions"
2025-04-23T17:47:45.691+02:00 DEBUG 7688 --- [           main] o.s.jdbc.datasource.init.ScriptUtils     : 0 returned as update count for SQL: DROP TABLE IF EXISTS "lesson_ratings"
2025-04-23T17:47:45.692+02:00 DEBUG 7688 --- [           main] o.s.jdbc.datasource.init.ScriptUtils     : 0 returned as update count for SQL: DROP TABLE IF EXISTS "lesson_tasks"
2025-04-23T17:47:45.692+02:00 DEBUG 7688 --- [           main] o.s.jdbc.datasource.init.ScriptUtils     : 0 returned as update count for SQL: DROP TABLE IF EXISTS "lessons"
2025-04-23T17:47:45.692+02:00 DEBUG 7688 --- [           main] o.s.jdbc.datasource.init.ScriptUtils     : 0 returned as update count for SQL: DROP TABLE IF EXISTS "class_signups"
2025-04-23T17:47:45.692+02:00 DEBUG 7688 --- [           main] o.s.jdbc.datasource.init.ScriptUtils     : 0 returned as update count for SQL: DROP TABLE IF EXISTS "school_classes"
2025-04-23T17:47:45.692+02:00 DEBUG 7688 --- [           main] o.s.jdbc.datasource.init.ScriptUtils     : 0 returned as update count for SQL: DROP TABLE IF EXISTS "users"
2025-04-23T17:47:45.692+02:00 DEBUG 7688 --- [           main] o.s.jdbc.datasource.init.ScriptUtils     : 0 returned as update count for SQL: CREATE TABLE "users" ( id BIGINT PRIMARY KEY AUTO_INCREMENT, username VARCHAR(100) UNIQUE NOT NULL, password VARCHAR(255) NOT NULL, role VARCHAR(20), first_name VARCHAR(100), last_name VARCHAR(100), email VARCHAR(200), student_class BIGINT )
2025-04-23T17:47:45.692+02:00 DEBUG 7688 --- [           main] o.s.jdbc.datasource.init.ScriptUtils     : 0 returned as update count for SQL: CREATE TABLE "class_signups" ( id BIGINT PRIMARY KEY AUTO_INCREMENT, user_id BIGINT NOT NULL, status VARCHAR(50), created_date TIMESTAMP, school_class_id BIGINT )
2025-04-23T17:47:45.693+02:00 DEBUG 7688 --- [           main] o.s.jdbc.datasource.init.ScriptUtils     : 0 returned as update count for SQL: CREATE TABLE "school_classes" ( id BIGSERIAL PRIMARY KEY, name VARCHAR(255) NOT NULL, description TEXT, content TEXT, auto_approve BOOLEAN DEFAULT FALSE, teacher_id BIGINT NOT NULL, signup_deadline TIMESTAMP, CONSTRAINT fk_school_classes_teacher FOREIGN KEY (teacher_id) REFERENCES "users"(id) )
2025-04-23T17:47:45.693+02:00 DEBUG 7688 --- [           main] o.s.jdbc.datasource.init.ScriptUtils     : 0 returned as update count for SQL: CREATE TABLE "lessons" ( id BIGSERIAL PRIMARY KEY, school_class_id BIGINT NOT NULL, title VARCHAR(255) NOT NULL, description TEXT, content TEXT NOT NULL, attachment BYTEA, attachment_filename VARCHAR(255), attachment_content_type VARCHAR(100), solution_required BOOLEAN, solution_due_date TIMESTAMP, CONSTRAINT fk_lessons_school_class FOREIGN KEY (school_class_id) REFERENCES "school_classes"(id) )
2025-04-23T17:47:45.693+02:00 DEBUG 7688 --- [           main] o.s.jdbc.datasource.init.ScriptUtils     : 0 returned as update count for SQL: CREATE TABLE "lesson_tasks" ( id BIGSERIAL PRIMARY KEY, lesson_id BIGINT NOT NULL CONSTRAINT fk_lesson_tasks_lesson REFERENCES "lessons"(id) ON DELETE CASCADE, title VARCHAR(255) NOT NULL, description TEXT, due_date TIMESTAMP, solution_required BOOLEAN NOT NULL DEFAULT FALSE )
2025-04-23T17:47:45.693+02:00 DEBUG 7688 --- [           main] o.s.jdbc.datasource.init.ScriptUtils     : 0 returned as update count for SQL: CREATE TABLE "task_submissions" ( id SERIAL PRIMARY KEY, lesson_task_id BIGINT NOT NULL, user_id BIGINT NOT NULL, solution_text TEXT, solution_file BYTEA, solution_filename VARCHAR(255), solution_content_type VARCHAR(255), submitted_date TIMESTAMP WITHOUT TIME ZONE, grade NUMERIC, teacher_comments TEXT )
2025-04-23T17:47:45.694+02:00 DEBUG 7688 --- [           main] o.s.jdbc.datasource.init.ScriptUtils     : 0 returned as update count for SQL: CREATE TABLE "app_statistics" ( id BIGINT PRIMARY KEY AUTO_INCREMENT, stat_name VARCHAR(100), stat_value BIGINT, timestamp TIMESTAMP )
2025-04-23T17:47:45.694+02:00 DEBUG 7688 --- [           main] o.s.jdbc.datasource.init.ScriptUtils     : 0 returned as update count for SQL: CREATE TABLE "posts" ( id BIGINT PRIMARY KEY AUTO_INCREMENT, title VARCHAR(255), author VARCHAR(255), content TEXT, view_count INT DEFAULT 0, thumbnail BLOB, avg_rating FLOAT, attachment BLOB, thumbnail_filename VARCHAR(255), attachment_filename VARCHAR(255), thumbnail_content_type VARCHAR(255), attachment_content_type VARCHAR(255) )
2025-04-23T17:47:45.694+02:00 DEBUG 7688 --- [           main] o.s.jdbc.datasource.init.ScriptUtils     : 0 returned as update count for SQL: CREATE TABLE IF NOT EXISTS "school_classes" ( id BIGINT PRIMARY KEY AUTO_INCREMENT, name VARCHAR(100), description VARCHAR(500), content TEXT, auto_approve BOOLEAN, teacher_id BIGINT, signup_deadline TIMESTAMP )
2025-04-23T17:47:45.694+02:00 DEBUG 7688 --- [           main] o.s.jdbc.datasource.init.ScriptUtils     : 0 returned as update count for SQL: CREATE TABLE IF NOT EXISTS "comments" ( id BIGINT PRIMARY KEY AUTO_INCREMENT, post_id BIGINT NOT NULL, username VARCHAR(100) NOT NULL, text TEXT NOT NULL, likes INT DEFAULT 0, created_date TIMESTAMP )
2025-04-23T17:47:45.694+02:00 DEBUG 7688 --- [           main] o.s.jdbc.datasource.init.ScriptUtils     : 0 returned as update count for SQL: CREATE TABLE IF NOT EXISTS "comment_likes" ( id BIGINT PRIMARY KEY AUTO_INCREMENT, comment_id BIGINT NOT NULL, username VARCHAR(100) NOT NULL )
2025-04-23T17:47:45.695+02:00 DEBUG 7688 --- [           main] o.s.jdbc.datasource.init.ScriptUtils     : 0 returned as update count for SQL: CREATE TABLE "lesson_ratings" ( id SERIAL PRIMARY KEY, lesson_id BIGINT NOT NULL, user_id BIGINT NOT NULL, rating INTEGER NOT NULL CHECK (rating BETWEEN 1 AND 5), created_date TIMESTAMP NOT NULL, CONSTRAINT fk_lesson FOREIGN KEY (lesson_id) REFERENCES "lessons"(id) )
2025-04-23T17:47:45.695+02:00 DEBUG 7688 --- [           main] o.s.jdbc.datasource.init.ScriptUtils     : Executed SQL script from class path resource [test-schema.sql] in 5 ms.
2025-04-23T17:47:45.697+02:00 DEBUG 7688 --- [           main] o.s.jdbc.core.JdbcTemplate               : Executing SQL update [DELETE FROM "lesson_ratings"]
2025-04-23T17:47:45.697+02:00 DEBUG 7688 --- [           main] o.s.jdbc.core.JdbcTemplate               : Executing SQL update [DELETE FROM "class_signups"]
2025-04-23T17:47:45.697+02:00 DEBUG 7688 --- [           main] o.s.jdbc.core.JdbcTemplate               : Executing SQL update [DELETE FROM "lessons"]
2025-04-23T17:47:45.698+02:00 DEBUG 7688 --- [           main] o.s.jdbc.core.JdbcTemplate               : Executing SQL update [DELETE FROM "school_classes"]
2025-04-23T17:47:45.698+02:00 DEBUG 7688 --- [           main] o.s.jdbc.core.JdbcTemplate               : Executing SQL update [DELETE FROM "users"]
2025-04-23T17:47:45.699+02:00 DEBUG 7688 --- [           main] o.s.jdbc.core.JdbcTemplate               : Executing SQL update and returning generated keys
2025-04-23T17:47:45.699+02:00 DEBUG 7688 --- [           main] o.s.jdbc.core.JdbcTemplate               : Executing prepared SQL statement [INSERT INTO "users" ("EMAIL", "FIRST_NAME", "LAST_NAME", "PASSWORD", "ROLE", "STUDENT_CLASS", "USERNAME") VALUES (?, ?, ?, ?, ?, ?, ?)]
2025-04-23T17:47:45.700+02:00 DEBUG 7688 --- [           main] o.s.jdbc.core.JdbcTemplate               : Executing SQL update and returning generated keys
2025-04-23T17:47:45.700+02:00 DEBUG 7688 --- [           main] o.s.jdbc.core.JdbcTemplate               : Executing prepared SQL statement [INSERT INTO "school_classes" ("AUTO_APPROVE", "CONTENT", "DESCRIPTION", "NAME", "SIGNUP_DEADLINE", "TEACHER_ID") VALUES (?, ?, ?, ?, ?, ?)]
2025-04-23T17:47:45.701+02:00 DEBUG 7688 --- [           main] o.s.jdbc.core.JdbcTemplate               : Executing SQL update and returning generated keys
2025-04-23T17:47:45.701+02:00 DEBUG 7688 --- [           main] o.s.jdbc.core.JdbcTemplate               : Executing prepared SQL statement [INSERT INTO "lessons" ("ATTACHMENT", "ATTACHMENT_CONTENT_TYPE", "ATTACHMENT_FILENAME", "CONTENT", "DESCRIPTION", "SCHOOL_CLASS_ID", "SOLUTION_DUE_DATE", "SOLUTION_REQUIRED", "TITLE") VALUES (?, ?, ?, ?, ?, ?, ?, ?, ?)]
2025-04-23T17:47:45.702+02:00 DEBUG 7688 --- [           main] w.c.HttpSessionSecurityContextRepository : Created HttpSession as SecurityContext is non-default
2025-04-23T17:47:45.702+02:00 DEBUG 7688 --- [           main] w.c.HttpSessionSecurityContextRepository : Stored SecurityContextImpl [Authentication=UsernamePasswordAuthenticationToken [Principal=org.springframework.security.core.userdetails.User [Username=john, Password=[PROTECTED], Enabled=true, AccountNonExpired=true, CredentialsNonExpired=true, AccountNonLocked=true, Granted Authorities=[ROLE_USER]], Credentials=[PROTECTED], Authenticated=true, Details=null, Granted Authorities=[ROLE_USER]]] to HttpSession [org.springframework.mock.web.MockHttpSession@372e01e0]
2025-04-23T17:47:45.702+02:00 DEBUG 7688 --- [           main] o.s.security.web.FilterChainProxy        : Securing GET /lessons/1
2025-04-23T17:47:45.702+02:00 DEBUG 7688 --- [           main] w.c.HttpSessionSecurityContextRepository : Retrieved SecurityContextImpl [Authentication=UsernamePasswordAuthenticationToken [Principal=org.springframework.security.core.userdetails.User [Username=john, Password=[PROTECTED], Enabled=true, AccountNonExpired=true, CredentialsNonExpired=true, AccountNonLocked=true, Granted Authorities=[ROLE_USER]], Credentials=[PROTECTED], Authenticated=true, Details=null, Granted Authorities=[ROLE_USER]]]
2025-04-23T17:47:45.702+02:00 DEBUG 7688 --- [           main] o.s.security.web.FilterChainProxy        : Secured GET /lessons/1
2025-04-23T17:47:45.704+02:00 DEBUG 7688 --- [           main] o.s.jdbc.core.JdbcTemplate               : Executing prepared SQL query
2025-04-23T17:47:45.704+02:00 DEBUG 7688 --- [           main] o.s.jdbc.core.JdbcTemplate               : Executing prepared SQL statement [SELECT "users"."ID" AS "ID", "users"."ROLE" AS "ROLE", "users"."EMAIL" AS "EMAIL", "users"."LAST_NAME" AS "LAST_NAME", "users"."PASSWORD" AS "PASSWORD", "users"."USERNAME" AS "USERNAME", "users"."FIRST_NAME" AS "FIRST_NAME", "users"."STUDENT_CLASS" AS "STUDENT_CLASS" FROM "users" WHERE "users"."USERNAME" = ?]
2025-04-23T17:47:45.704+02:00 DEBUG 7688 --- [           main] o.s.jdbc.core.JdbcTemplate               : Executing prepared SQL query
2025-04-23T17:47:45.704+02:00 DEBUG 7688 --- [           main] o.s.jdbc.core.JdbcTemplate               : Executing prepared SQL statement [SELECT "lessons"."ID" AS "ID", "lessons"."TITLE" AS "TITLE", "lessons"."CONTENT" AS "CONTENT", "lessons"."ATTACHMENT" AS "ATTACHMENT", "lessons"."DESCRIPTION" AS "DESCRIPTION", "lessons"."SCHOOL_CLASS_ID" AS "SCHOOL_CLASS_ID", "lessons"."SOLUTION_DUE_DATE" AS "SOLUTION_DUE_DATE", "lessons"."SOLUTION_REQUIRED" AS "SOLUTION_REQUIRED", "lessons"."ATTACHMENT_FILENAME" AS "ATTACHMENT_FILENAME", "lessons"."ATTACHMENT_CONTENT_TYPE" AS "ATTACHMENT_CONTENT_TYPE" FROM "lessons" WHERE "lessons"."ID" = ?]
2025-04-23T17:47:45.705+02:00 DEBUG 7688 --- [           main] o.s.jdbc.core.JdbcTemplate               : Executing prepared SQL query
2025-04-23T17:47:45.705+02:00 DEBUG 7688 --- [           main] o.s.jdbc.core.JdbcTemplate               : Executing prepared SQL statement [SELECT "users"."ID" AS "ID", "users"."ROLE" AS "ROLE", "users"."EMAIL" AS "EMAIL", "users"."LAST_NAME" AS "LAST_NAME", "users"."PASSWORD" AS "PASSWORD", "users"."USERNAME" AS "USERNAME", "users"."FIRST_NAME" AS "FIRST_NAME", "users"."STUDENT_CLASS" AS "STUDENT_CLASS" FROM "users" WHERE "users"."USERNAME" = ?]
2025-04-23T17:47:45.706+02:00 DEBUG 7688 --- [           main] o.s.jdbc.core.JdbcTemplate               : Executing prepared SQL query
2025-04-23T17:47:45.706+02:00 DEBUG 7688 --- [           main] o.s.jdbc.core.JdbcTemplate               : Executing prepared SQL statement [SELECT "class_signups"."ID" AS "ID", "class_signups"."USER_ID" AS "USER_ID", "class_signups"."STATUS" AS "STATUS", "class_signups"."CREATED_DATE" AS "CREATED_DATE", "class_signups"."SCHOOL_CLASS_ID" AS "SCHOOL_CLASS_ID" FROM "class_signups" WHERE "class_signups"."SCHOOL_CLASS_ID" = ? AND ("class_signups"."USER_ID" = ?)]
]]></system-out>
  </testcase>
  <testcase name="notLoggedInRedirectsToLogin" classname="com.example.demo.integration.LessonControllerIntegrationTest" time="0.016">
    <system-out><![CDATA[2025-04-23T17:47:45.710+02:00 DEBUG 7688 --- [           main] o.s.jdbc.datasource.init.ScriptUtils     : Executing SQL script from class path resource [test-schema.sql]
2025-04-23T17:47:45.711+02:00 DEBUG 7688 --- [           main] o.s.jdbc.datasource.init.ScriptUtils     : 0 returned as update count for SQL: DROP TABLE IF EXISTS "comment_likes"
2025-04-23T17:47:45.711+02:00 DEBUG 7688 --- [           main] o.s.jdbc.datasource.init.ScriptUtils     : 0 returned as update count for SQL: DROP TABLE IF EXISTS "comments"
2025-04-23T17:47:45.711+02:00 DEBUG 7688 --- [           main] o.s.jdbc.datasource.init.ScriptUtils     : 0 returned as update count for SQL: DROP TABLE IF EXISTS "posts"
2025-04-23T17:47:45.711+02:00 DEBUG 7688 --- [           main] o.s.jdbc.datasource.init.ScriptUtils     : 0 returned as update count for SQL: DROP TABLE IF EXISTS "app_statistics"
2025-04-23T17:47:45.711+02:00 DEBUG 7688 --- [           main] o.s.jdbc.datasource.init.ScriptUtils     : 0 returned as update count for SQL: DROP TABLE IF EXISTS "task_submissions"
2025-04-23T17:47:45.711+02:00 DEBUG 7688 --- [           main] o.s.jdbc.datasource.init.ScriptUtils     : 0 returned as update count for SQL: DROP TABLE IF EXISTS "lesson_ratings"
2025-04-23T17:47:45.713+02:00 DEBUG 7688 --- [           main] o.s.jdbc.datasource.init.ScriptUtils     : 0 returned as update count for SQL: DROP TABLE IF EXISTS "lesson_tasks"
2025-04-23T17:47:45.713+02:00 DEBUG 7688 --- [           main] o.s.jdbc.datasource.init.ScriptUtils     : 0 returned as update count for SQL: DROP TABLE IF EXISTS "lessons"
2025-04-23T17:47:45.713+02:00 DEBUG 7688 --- [           main] o.s.jdbc.datasource.init.ScriptUtils     : 0 returned as update count for SQL: DROP TABLE IF EXISTS "class_signups"
2025-04-23T17:47:45.713+02:00 DEBUG 7688 --- [           main] o.s.jdbc.datasource.init.ScriptUtils     : 0 returned as update count for SQL: DROP TABLE IF EXISTS "school_classes"
2025-04-23T17:47:45.713+02:00 DEBUG 7688 --- [           main] o.s.jdbc.datasource.init.ScriptUtils     : 0 returned as update count for SQL: DROP TABLE IF EXISTS "users"
2025-04-23T17:47:45.713+02:00 DEBUG 7688 --- [           main] o.s.jdbc.datasource.init.ScriptUtils     : 0 returned as update count for SQL: CREATE TABLE "users" ( id BIGINT PRIMARY KEY AUTO_INCREMENT, username VARCHAR(100) UNIQUE NOT NULL, password VARCHAR(255) NOT NULL, role VARCHAR(20), first_name VARCHAR(100), last_name VARCHAR(100), email VARCHAR(200), student_class BIGINT )
2025-04-23T17:47:45.714+02:00 DEBUG 7688 --- [           main] o.s.jdbc.datasource.init.ScriptUtils     : 0 returned as update count for SQL: CREATE TABLE "class_signups" ( id BIGINT PRIMARY KEY AUTO_INCREMENT, user_id BIGINT NOT NULL, status VARCHAR(50), created_date TIMESTAMP, school_class_id BIGINT )
2025-04-23T17:47:45.714+02:00 DEBUG 7688 --- [           main] o.s.jdbc.datasource.init.ScriptUtils     : 0 returned as update count for SQL: CREATE TABLE "school_classes" ( id BIGSERIAL PRIMARY KEY, name VARCHAR(255) NOT NULL, description TEXT, content TEXT, auto_approve BOOLEAN DEFAULT FALSE, teacher_id BIGINT NOT NULL, signup_deadline TIMESTAMP, CONSTRAINT fk_school_classes_teacher FOREIGN KEY (teacher_id) REFERENCES "users"(id) )
2025-04-23T17:47:45.715+02:00 DEBUG 7688 --- [           main] o.s.jdbc.datasource.init.ScriptUtils     : 0 returned as update count for SQL: CREATE TABLE "lessons" ( id BIGSERIAL PRIMARY KEY, school_class_id BIGINT NOT NULL, title VARCHAR(255) NOT NULL, description TEXT, content TEXT NOT NULL, attachment BYTEA, attachment_filename VARCHAR(255), attachment_content_type VARCHAR(100), solution_required BOOLEAN, solution_due_date TIMESTAMP, CONSTRAINT fk_lessons_school_class FOREIGN KEY (school_class_id) REFERENCES "school_classes"(id) )
2025-04-23T17:47:45.715+02:00 DEBUG 7688 --- [           main] o.s.jdbc.datasource.init.ScriptUtils     : 0 returned as update count for SQL: CREATE TABLE "lesson_tasks" ( id BIGSERIAL PRIMARY KEY, lesson_id BIGINT NOT NULL CONSTRAINT fk_lesson_tasks_lesson REFERENCES "lessons"(id) ON DELETE CASCADE, title VARCHAR(255) NOT NULL, description TEXT, due_date TIMESTAMP, solution_required BOOLEAN NOT NULL DEFAULT FALSE )
2025-04-23T17:47:45.717+02:00 DEBUG 7688 --- [           main] o.s.jdbc.datasource.init.ScriptUtils     : 0 returned as update count for SQL: CREATE TABLE "task_submissions" ( id SERIAL PRIMARY KEY, lesson_task_id BIGINT NOT NULL, user_id BIGINT NOT NULL, solution_text TEXT, solution_file BYTEA, solution_filename VARCHAR(255), solution_content_type VARCHAR(255), submitted_date TIMESTAMP WITHOUT TIME ZONE, grade NUMERIC, teacher_comments TEXT )
2025-04-23T17:47:45.717+02:00 DEBUG 7688 --- [           main] o.s.jdbc.datasource.init.ScriptUtils     : 0 returned as update count for SQL: CREATE TABLE "app_statistics" ( id BIGINT PRIMARY KEY AUTO_INCREMENT, stat_name VARCHAR(100), stat_value BIGINT, timestamp TIMESTAMP )
2025-04-23T17:47:45.718+02:00 DEBUG 7688 --- [           main] o.s.jdbc.datasource.init.ScriptUtils     : 0 returned as update count for SQL: CREATE TABLE "posts" ( id BIGINT PRIMARY KEY AUTO_INCREMENT, title VARCHAR(255), author VARCHAR(255), content TEXT, view_count INT DEFAULT 0, thumbnail BLOB, avg_rating FLOAT, attachment BLOB, thumbnail_filename VARCHAR(255), attachment_filename VARCHAR(255), thumbnail_content_type VARCHAR(255), attachment_content_type VARCHAR(255) )
2025-04-23T17:47:45.718+02:00 DEBUG 7688 --- [           main] o.s.jdbc.datasource.init.ScriptUtils     : 0 returned as update count for SQL: CREATE TABLE IF NOT EXISTS "school_classes" ( id BIGINT PRIMARY KEY AUTO_INCREMENT, name VARCHAR(100), description VARCHAR(500), content TEXT, auto_approve BOOLEAN, teacher_id BIGINT, signup_deadline TIMESTAMP )
2025-04-23T17:47:45.718+02:00 DEBUG 7688 --- [           main] o.s.jdbc.datasource.init.ScriptUtils     : 0 returned as update count for SQL: CREATE TABLE IF NOT EXISTS "comments" ( id BIGINT PRIMARY KEY AUTO_INCREMENT, post_id BIGINT NOT NULL, username VARCHAR(100) NOT NULL, text TEXT NOT NULL, likes INT DEFAULT 0, created_date TIMESTAMP )
2025-04-23T17:47:45.719+02:00 DEBUG 7688 --- [           main] o.s.jdbc.datasource.init.ScriptUtils     : 0 returned as update count for SQL: CREATE TABLE IF NOT EXISTS "comment_likes" ( id BIGINT PRIMARY KEY AUTO_INCREMENT, comment_id BIGINT NOT NULL, username VARCHAR(100) NOT NULL )
2025-04-23T17:47:45.719+02:00 DEBUG 7688 --- [           main] o.s.jdbc.datasource.init.ScriptUtils     : 0 returned as update count for SQL: CREATE TABLE "lesson_ratings" ( id SERIAL PRIMARY KEY, lesson_id BIGINT NOT NULL, user_id BIGINT NOT NULL, rating INTEGER NOT NULL CHECK (rating BETWEEN 1 AND 5), created_date TIMESTAMP NOT NULL, CONSTRAINT fk_lesson FOREIGN KEY (lesson_id) REFERENCES "lessons"(id) )
2025-04-23T17:47:45.719+02:00 DEBUG 7688 --- [           main] o.s.jdbc.datasource.init.ScriptUtils     : Executed SQL script from class path resource [test-schema.sql] in 9 ms.
2025-04-23T17:47:45.720+02:00 DEBUG 7688 --- [           main] o.s.jdbc.core.JdbcTemplate               : Executing SQL update [DELETE FROM "lesson_ratings"]
2025-04-23T17:47:45.720+02:00 DEBUG 7688 --- [           main] o.s.jdbc.core.JdbcTemplate               : Executing SQL update [DELETE FROM "class_signups"]
2025-04-23T17:47:45.721+02:00 DEBUG 7688 --- [           main] o.s.jdbc.core.JdbcTemplate               : Executing SQL update [DELETE FROM "lessons"]
2025-04-23T17:47:45.721+02:00 DEBUG 7688 --- [           main] o.s.jdbc.core.JdbcTemplate               : Executing SQL update [DELETE FROM "school_classes"]
2025-04-23T17:47:45.721+02:00 DEBUG 7688 --- [           main] o.s.jdbc.core.JdbcTemplate               : Executing SQL update [DELETE FROM "users"]
2025-04-23T17:47:45.721+02:00 DEBUG 7688 --- [           main] o.s.jdbc.core.JdbcTemplate               : Executing SQL update and returning generated keys
2025-04-23T17:47:45.721+02:00 DEBUG 7688 --- [           main] o.s.jdbc.core.JdbcTemplate               : Executing prepared SQL statement [INSERT INTO "users" ("EMAIL", "FIRST_NAME", "LAST_NAME", "PASSWORD", "ROLE", "STUDENT_CLASS", "USERNAME") VALUES (?, ?, ?, ?, ?, ?, ?)]
2025-04-23T17:47:45.722+02:00 DEBUG 7688 --- [           main] o.s.jdbc.core.JdbcTemplate               : Executing SQL update and returning generated keys
2025-04-23T17:47:45.722+02:00 DEBUG 7688 --- [           main] o.s.jdbc.core.JdbcTemplate               : Executing prepared SQL statement [INSERT INTO "school_classes" ("AUTO_APPROVE", "CONTENT", "DESCRIPTION", "NAME", "SIGNUP_DEADLINE", "TEACHER_ID") VALUES (?, ?, ?, ?, ?, ?)]
2025-04-23T17:47:45.723+02:00 DEBUG 7688 --- [           main] o.s.jdbc.core.JdbcTemplate               : Executing SQL update and returning generated keys
2025-04-23T17:47:45.723+02:00 DEBUG 7688 --- [           main] o.s.jdbc.core.JdbcTemplate               : Executing prepared SQL statement [INSERT INTO "lessons" ("ATTACHMENT", "ATTACHMENT_CONTENT_TYPE", "ATTACHMENT_FILENAME", "CONTENT", "DESCRIPTION", "SCHOOL_CLASS_ID", "SOLUTION_DUE_DATE", "SOLUTION_REQUIRED", "TITLE") VALUES (?, ?, ?, ?, ?, ?, ?, ?, ?)]
2025-04-23T17:47:45.723+02:00 DEBUG 7688 --- [           main] o.s.security.web.FilterChainProxy        : Securing GET /lessons/1
2025-04-23T17:47:45.723+02:00 DEBUG 7688 --- [           main] o.s.s.w.a.AnonymousAuthenticationFilter  : Set SecurityContextHolder to anonymous SecurityContext
2025-04-23T17:47:45.724+02:00 DEBUG 7688 --- [           main] o.s.s.w.s.HttpSessionRequestCache        : Saved request http://localhost/lessons/1?continue to session
2025-04-23T17:47:45.724+02:00 DEBUG 7688 --- [           main] o.s.s.web.DefaultRedirectStrategy        : Redirecting to http://localhost/login
]]></system-out>
  </testcase>
</testsuite>