<?xml version="1.0" encoding="UTF-8"?>
<testsuite xmlns:xsi="http://www.w3.org/2001/XMLSchema-instance" xsi:noNamespaceSchemaLocation="https://maven.apache.org/surefire/maven-surefire-plugin/xsd/surefire-test-report.xsd" version="3.0.2" name="com.example.demo.integration.StatsDaoIntegrationTest" time="0.618" tests="1" errors="0" skipped="0" failures="0">
  <properties>
[...]
</properties>
  <testcase name="testSaveAndRetrieveStat" classname="com.example.demo.integration.StatsDaoIntegrationTest" time="0.014">
    <system-out><![CDATA[2025-04-23T17:47:45.726+02:00  INFO 7688 --- [           main] t.c.s.AnnotationConfigContextLoaderUtils : Could not detect default configuration classes for test class [com.example.demo.integration.StatsDaoIntegrationTest]: StatsDaoIntegrationTest does not declare any static, non-private, non-final, nested classes annotated with @Configuration.
2025-04-23T17:47:45.726+02:00  INFO 7688 --- [           main] .b.t.c.SpringBootTestContextBootstrapper : Found @SpringBootConfiguration com.example.demo.ApplicationToPublishScientificDataApplication for test class com.example.demo.integration.StatsDaoIntegrationTest

  .   ____          _            __ _ _
 /\\ / ___'_ __ _ _(_)_ __  __ _ \ \ \ \
( ( )\___ | '_ | '_| | '_ \/ _` | \ \ \ \
 \\/  ___)| |_)| | | | | || (_| |  ) ) ) )
  '  |____| .__|_| |_|_| |_\__, | / / / /
 =========|_|==============|___/=/_/_/_/

 :: Spring Boot ::                (v3.4.1)

2025-04-23T17:47:45.744+02:00  INFO 7688 --- [           main] c.e.d.i.StatsDaoIntegrationTest          : Starting StatsDaoIntegrationTest using Java 23.0.1 with PID 7688 (started by jakub in C:\Users\jakub\OneDrive\Pulpit\bachleor\Bachleor\demo)
2025-04-23T17:47:45.744+02:00  INFO 7688 --- [           main] c.e.d.i.StatsDaoIntegrationTest          : The following 1 profile is active: "test"
2025-04-23T17:47:45.814+02:00  INFO 7688 --- [           main] .s.d.r.c.RepositoryConfigurationDelegate : Bootstrapping Spring Data JDBC repositories in DEFAULT mode.
2025-04-23T17:47:45.821+02:00  INFO 7688 --- [           main] .s.d.r.c.RepositoryConfigurationDelegate : Finished Spring Data repository scanning in 6 ms. Found 11 JDBC repository interfaces.
2025-04-23T17:47:45.821+02:00  INFO 7688 --- [           main] .s.d.r.c.RepositoryConfigurationDelegate : Bootstrapping Spring Data JDBC repositories in DEFAULT mode.
2025-04-23T17:47:45.824+02:00  INFO 7688 --- [           main] .s.d.r.c.RepositoryConfigurationDelegate : Finished Spring Data repository scanning in 1 ms. Found 2 JDBC repository interfaces.
2025-04-23T17:47:45.870+02:00  INFO 7688 --- [           main] com.zaxxer.hikari.HikariDataSource       : HikariPool-5 - Starting...
2025-04-23T17:47:46.176+02:00  INFO 7688 --- [           main] com.zaxxer.hikari.pool.HikariPool        : HikariPool-5 - Added connection org.postgresql.jdbc.PgConnection@fbb41e5
2025-04-23T17:47:46.176+02:00  INFO 7688 --- [           main] com.zaxxer.hikari.HikariDataSource       : HikariPool-5 - Start completed.
2025-04-23T17:47:46.205+02:00 DEBUG 7688 --- [           main] o.s.jdbc.core.JdbcTemplate               : Executing SQL statement [DROP TABLE IF EXISTS app_statistics;

CREATE TABLE app_statistics (
    id BIGINT AUTO_INCREMENT PRIMARY KEY,
    stat_name VARCHAR(255),
    stat_value BIGINT,
    timestamp TIMESTAMP
);
-- Drop tables if they exist
DROP TABLE IF EXISTS SPRING_SESSION_ATTRIBUTES;
DROP TABLE IF EXISTS SPRING_SESSION;

-- Create SPRING_SESSION table
CREATE TABLE SPRING_SESSION (
    PRIMARY_ID CHAR(36) NOT NULL,
    SESSION_ID CHAR(36) NOT NULL,
    CREATION_TIME BIGINT NOT NULL,
    LAST_ACCESS_TIME BIGINT NOT NULL,
    MAX_INACTIVE_INTERVAL INT NOT NULL,
    EXPIRY_TIME BIGINT NOT NULL,
    PRINCIPAL_NAME VARCHAR(100),
    CONSTRAINT SPRING_SESSION_PK PRIMARY KEY (PRIMARY_ID)
);

-- Create SPRING_SESSION_ATTRIBUTES table
CREATE TABLE SPRING_SESSION_ATTRIBUTES (
    SESSION_PRIMARY_ID CHAR(36) NOT NULL,
    ATTRIBUTE_NAME VARCHAR(200) NOT NULL,
    ATTRIBUTE_BYTES BINARY,
    CONSTRAINT SPRING_SESSION_ATTRIBUTES_PK PRIMARY KEY (SESSION_PRIMARY_ID, ATTRIBUTE_NAME),
    CONSTRAINT SPRING_SESSION_ATTRIBUTES_FK FOREIGN KEY (SESSION_PRIMARY_ID)
        REFERENCES SPRING_SESSION(PRIMARY_ID) ON DELETE CASCADE
);
]
2025-04-23T17:47:46.205+02:00  INFO 7688 --- [           main] com.zaxxer.hikari.HikariDataSource       : HikariPool-6 - Starting...
2025-04-23T17:47:46.205+02:00  INFO 7688 --- [           main] com.zaxxer.hikari.pool.HikariPool        : HikariPool-6 - Added connection conn71: url=jdbc:h2:mem:tempdb user=SA
2025-04-23T17:47:46.205+02:00  INFO 7688 --- [           main] com.zaxxer.hikari.HikariDataSource       : HikariPool-6 - Start completed.
Temporary H2 statistics schema initialized successfully.
2025-04-23T17:47:46.233+02:00  INFO 7688 --- [           main] r$InitializeUserDetailsManagerConfigurer : Global AuthenticationManager configured with UserDetailsService bean with name customUserDetailsService
2025-04-23T17:47:46.236+02:00  INFO 7688 --- [           main] o.s.b.a.w.s.WelcomePageHandlerMapping    : Adding welcome page template: index
2025-04-23T17:47:46.272+02:00 DEBUG 7688 --- [           main] o.s.s.web.DefaultSecurityFilterChain     : Will secure any request with filters: DisableEncodeUrlFilter, WebAsyncManagerIntegrationFilter, SecurityContextHolderFilter, HeaderWriterFilter, CsrfFilter, LogoutFilter, UsernamePasswordAuthenticationFilter, RequestCacheAwareFilter, SecurityContextHolderAwareRequestFilter, AnonymousAuthenticationFilter, ExceptionTranslationFilter, AuthorizationFilter
2025-04-23T17:47:46.315+02:00  INFO 7688 --- [           main] o.s.b.a.h2.H2ConsoleAutoConfiguration    : H2 console available at '/h2-console'. Databases available at 'jdbc:postgresql://localhost:50000/postgres', 'jdbc:h2:mem:tempdb', 'jdbc:h2:mem:tempdb'
2025-04-23T17:47:46.328+02:00  INFO 7688 --- [           main] c.e.d.i.StatsDaoIntegrationTest          : Started StatsDaoIntegrationTest in 0.598 seconds (process running for 7.233)
2025-04-23T17:47:46.329+02:00 DEBUG 7688 --- [   scheduling-1] o.s.jdbc.core.JdbcTemplate               : Executing prepared SQL query
2025-04-23T17:47:46.329+02:00 DEBUG 7688 --- [   scheduling-1] o.s.jdbc.core.JdbcTemplate               : Executing prepared SQL statement [SELECT "class_signups"."id" AS "id", "class_signups"."user_id" AS "user_id", "class_signups"."status" AS "status", "class_signups"."created_date" AS "created_date", "class_signups"."school_class_id" AS "school_class_id" FROM "class_signups" WHERE "class_signups"."status" = ?]
2025-04-23T17:47:46.332+02:00 DEBUG 7688 --- [           main] o.s.jdbc.core.JdbcTemplate               : Executing prepared SQL update
2025-04-23T17:47:46.332+02:00 DEBUG 7688 --- [           main] o.s.jdbc.core.JdbcTemplate               : Executing prepared SQL statement [INSERT INTO app_statistics (stat_name, stat_value, timestamp) VALUES (?, ?, ?)]
2025-04-23T17:47:46.334+02:00 DEBUG 7688 --- [           main] o.s.jdbc.core.JdbcTemplate               : Executing prepared SQL query
2025-04-23T17:47:46.334+02:00 DEBUG 7688 --- [           main] o.s.jdbc.core.JdbcTemplate               : Executing prepared SQL statement [SELECT id, stat_name, stat_value, timestamp FROM app_statistics]
2025-04-23T17:47:46.337+02:00 DEBUG 7688 --- [           main] o.s.jdbc.core.BeanPropertyRowMapper      : Mapping column 'ID' to property 'id' of type 'java.lang.Long'
2025-04-23T17:47:46.337+02:00 DEBUG 7688 --- [           main] o.s.jdbc.core.BeanPropertyRowMapper      : Mapping column 'STAT_NAME' to property 'statName' of type 'java.lang.String'
2025-04-23T17:47:46.337+02:00 DEBUG 7688 --- [           main] o.s.jdbc.core.BeanPropertyRowMapper      : Mapping column 'STAT_VALUE' to property 'statValue' of type 'java.lang.Long'
2025-04-23T17:47:46.337+02:00 DEBUG 7688 --- [           main] o.s.jdbc.core.BeanPropertyRowMapper      : Mapping column 'TIMESTAMP' to property 'timestamp' of type 'java.time.LocalDateTime'
]]></system-out>
  </testcase>
</testsuite>